<?xml version="1.0" encoding="UTF-8"?>
<!-- Generated by org.testng.reporters.JUnitReportReporter -->
<testsuite hostname="asuswork" name="com.entity.AppTest" tests="1" failures="0" timestamp="9 Sep 2016 06:19:33 GMT" time="1.326" errors="0">
  <testcase name="testApp" time="1.326" classname="com.entity.AppTest"/>
</testsuite> <!-- com.entity.AppTest -->
